<?xml version="1.0" encoding="utf-8"?><testsuites name="pytest tests"><testsuite name="pytest" errors="0" failures="0" skipped="0" tests="27" time="3.854" timestamp="2026-03-19T00:54:51.070182+00:00" hostname="agent-env-c6263950-c139-4cda-a071-751ee76cd7a4"><testcase classname="backend.tests.test_astra_api.TestHealth" name="test_root" time="0.157" /><testcase classname="backend.tests.test_astra_api.TestDashboard" name="test_metrics" time="0.119" /><testcase classname="backend.tests.test_astra_api.TestConversations" name="test_create_conversation" time="0.112" /><testcase classname="backend.tests.test_astra_api.TestConversations" name="test_list_conversations" time="0.103" /><testcase classname="backend.tests.test_astra_api.TestConversations" name="test_get_conversation" time="0.096" /><testcase classname="backend.tests.test_astra_api.TestConversations" name="test_send_message_503_expected" time="0.214" /><testcase classname="backend.tests.test_astra_api.TestConversations" name="test_delete_conversation" time="0.263" /><testcase classname="backend.tests.test_astra_api.TestAgents" name="test_create_agent" time="0.146" /><testcase classname="backend.tests.test_astra_api.TestAgents" name="test_list_agents" time="0.110" /><testcase classname="backend.tests.test_astra_api.TestAgents" name="test_update_agent" time="0.151" /><testcase classname="backend.tests.test_astra_api.TestAgents" name="test_delete_agent" time="0.254" /><testcase classname="backend.tests.test_astra_api.TestLogs" name="test_list_logs" time="0.100" /><testcase classname="backend.tests.test_astra_api.TestLogs" name="test_create_log" time="0.110" /><testcase classname="backend.tests.test_astra_api.TestLogs" name="test_filter_logs_by_level" time="0.134" /><testcase classname="backend.tests.test_astra_api.TestLogs" name="test_search_logs" time="0.184" /><testcase classname="backend.tests.test_astra_api.TestKnowledge" name="test_create_knowledge" time="0.120" /><testcase classname="backend.tests.test_astra_api.TestKnowledge" name="test_list_knowledge" time="0.128" /><testcase classname="backend.tests.test_astra_api.TestKnowledge" name="test_update_knowledge" time="0.114" /><testcase classname="backend.tests.test_astra_api.TestKnowledge" name="test_delete_knowledge" time="0.112" /><testcase classname="backend.tests.test_astra_api.TestWorkflows" name="test_create_workflow" time="0.160" /><testcase classname="backend.tests.test_astra_api.TestWorkflows" name="test_list_workflows" time="0.116" /><testcase classname="backend.tests.test_astra_api.TestWorkflows" name="test_run_workflow" time="0.141" /><testcase classname="backend.tests.test_astra_api.TestWorkflows" name="test_update_workflow" time="0.133" /><testcase classname="backend.tests.test_astra_api.TestWorkflows" name="test_delete_workflow" time="0.099" /><testcase classname="backend.tests.test_astra_api.TestSettings" name="test_get_settings" time="0.178" /><testcase classname="backend.tests.test_astra_api.TestSettings" name="test_update_settings" time="0.102" /><testcase classname="backend.tests.test_astra_api.TestSettings" name="test_connection_test_503_expected" time="0.138" /></testsuite></testsuites>